<?xml version="1.0" encoding="UTF-8"?>
<testsuite name="frc.robot.ExampleTest" tests="1" skipped="0" failures="0" errors="0" timestamp="2023-12-06T22:01:26" hostname="Aarushs-MacBook-Air.local" time="0.006">
  <properties/>
  <testcase name="twoPlusTwoShouldEqualFour()" classname="frc.robot.ExampleTest" time="0.006"/>
  <system-out><![CDATA[]]></system-out>
  <system-err><![CDATA[]]></system-err>
</testsuite>
